23:30:37.246 [main]  INFO  com.intuit.karate - Karate version: 1.4.0-SNAPSHOT
23:30:37.543 [main]  INFO  c.intuit.karate.core.FeatureRuntime - found scenario at line: 3
23:30:38.560 [main]  DEBUG com.intuit.karate - request:
1 > GET https://gorest.co.in/public/v2/users
1 > Host: gorest.co.in
1 > Connection: Keep-Alive
1 > User-Agent: Apache-HttpClient/4.5.14 (Java/20.0.1)
1 > Accept-Encoding: gzip,deflate


23:30:39.129 [main]  DEBUG com.intuit.karate - response time in milliseconds: 560
1 < 200
1 < Date: Sat, 27 May 2023 18:00:39 GMT
1 < Content-Type: application/json; charset=utf-8
1 < Transfer-Encoding: chunked
1 < Connection: keep-alive
1 < Cache-Control: max-age=0, private, must-revalidate
1 < etag: W/"904d2283d6572885a772a76e4d598d0c"
1 < referrer-policy: strict-origin-when-cross-origin
1 < vary: Origin
1 < x-content-type-options: nosniff
1 < x-download-options: noopen
1 < x-frame-options: SAMEORIGIN
1 < x-links-current: https://gorest.co.in/public/v2/users?page=1
1 < x-links-next: https://gorest.co.in/public/v2/users?page=2
1 < x-links-previous: 
1 < x-pagination-limit: 10
1 < x-pagination-page: 1
1 < x-pagination-pages: 286
1 < x-pagination-total: 2859
1 < x-permitted-cross-domain-policies: none
1 < x-request-id: a66dc9f0-f78e-447c-9495-076132f1fc81
1 < x-runtime: 0.047964
1 < x-xss-protection: 0
1 < CF-Cache-Status: DYNAMIC
1 < Report-To: {"endpoints":[{"url":"https:\/\/a.nel.cloudflare.com\/report\/v3?s=g4pCmkvXBlFINoMIimH%2FcdQgFHWhMAKmiYkbgdhZJtQFyGlbKUvs%2B9o%2Fq6q8dA6naa%2FNnDQG7%2FWHntzGxkxOhYwt39O5icklql0jOavEbfPTIL7bYDFubJ43c4hcw9k%3D"}],"group":"cf-nel","max_age":604800}
1 < NEL: {"success_fraction":0,"report_to":"cf-nel","max_age":604800}
1 < Server: cloudflare
1 < CF-RAY: 7ce0289c983c29ea-BOM
1 < alt-svc: h3=":443"; ma=86400
[{"id":2205299,"name":"Gati Patel DO","email":"patel_do_gati@hirthe.example","gender":"female","status":"active"},{"id":2205298,"name":"Ujjwal Mehra","email":"ujjwal_mehra@ward.example","gender":"male","status":"active"},{"id":2205297,"name":"Ashlesh Bandopadhyay","email":"ashlesh_bandopadhyay@reinger.test","gender":"male","status":"inactive"},{"id":2205296,"name":"Shreya Khan","email":"khan_shreya@graham-mayert.example","gender":"female","status":"inactive"},{"id":2205295,"name":"Bhima Somayaji","email":"bhima_somayaji@gleason-stoltenberg.example","gender":"female","status":"active"},{"id":2205293,"name":"Brahmaanand Mehrotra","email":"brahmaanand_mehrotra@thiel.test","gender":"female","status":"inactive"},{"id":2205292,"name":"Paramartha Guneta CPA","email":"paramartha_cpa_guneta@swaniawski.test","gender":"female","status":"inactive"},{"id":2205290,"name":"Digambar Gupta","email":"digambar_gupta@mraz-deckow.test","gender":"female","status":"inactive"},{"id":2205289,"name":"Dharitri Nehru","email":"dharitri_nehru@osinski.example","gender":"female","status":"inactive"},{"id":2205288,"name":"Naval Verma","email":"naval_verma@lindgren.test","gender":"female","status":"inactive"}]

23:30:39.625 [main]  INFO  com.intuit.karate.Suite - <<pass>> feature 1 of 1 (0 remaining) src/test/java/airline/CreateAirline.feature
